<?xml version="1.0" encoding="UTF-8"?>
<testsuite xmlns:xsi="http://www.w3.org/2001/XMLSchema-instance" xsi:noNamespaceSchemaLocation="https://maven.apache.org/surefire/maven-surefire-plugin/xsd/surefire-test-report.xsd" version="3.0.2" name="com.tcs.DemoApplicationTests" time="2.977" tests="1" errors="0" skipped="0" failures="0">
  <properties>
    <property name="java.specification.version" value="22"/>
    <property name="sun.cpu.isalist" value="amd64"/>
    <property name="sun.jnu.encoding" value="GBK"/>
    <property name="java.class.path" value="E:\tcs\backend-java\target\test-classes;E:\tcs\backend-java\target\classes;E:\IdeaProjects\repository\org\springframework\boot\spring-boot-starter-web\3.5.6\spring-boot-starter-web-3.5.6.jar;E:\IdeaProjects\repository\org\springframework\boot\spring-boot-starter\3.5.6\spring-boot-starter-3.5.6.jar;E:\IdeaProjects\repository\org\springframework\boot\spring-boot\3.5.6\spring-boot-3.5.6.jar;E:\IdeaProjects\repository\org\springframework\boot\spring-boot-autoconfigure\3.5.6\spring-boot-autoconfigure-3.5.6.jar;E:\IdeaProjects\repository\org\springframework\boot\spring-boot-starter-logging\3.5.6\spring-boot-starter-logging-3.5.6.jar;E:\IdeaProjects\repository\ch\qos\logback\logback-classic\1.5.18\logback-classic-1.5.18.jar;E:\IdeaProjects\repository\ch\qos\logback\logback-core\1.5.18\logback-core-1.5.18.jar;E:\IdeaProjects\repository\org\apache\logging\log4j\log4j-to-slf4j\2.24.3\log4j-to-slf4j-2.24.3.jar;E:\IdeaProjects\repository\org\apache\logging\log4j\log4j-api\2.24.3\log4j-api-2.24.3.jar;E:\IdeaProjects\repository\org\slf4j\jul-to-slf4j\2.0.17\jul-to-slf4j-2.0.17.jar;E:\IdeaProjects\repository\jakarta\annotation\jakarta.annotation-api\2.1.1\jakarta.annotation-api-2.1.1.jar;E:\IdeaProjects\repository\org\yaml\snakeyaml\2.4\snakeyaml-2.4.jar;E:\IdeaProjects\repository\org\springframework\boot\spring-boot-starter-json\3.5.6\spring-boot-starter-json-3.5.6.jar;E:\IdeaProjects\repository\com\fasterxml\jackson\datatype\jackson-datatype-jdk8\2.19.2\jackson-datatype-jdk8-2.19.2.jar;E:\IdeaProjects\repository\com\fasterxml\jackson\module\jackson-module-parameter-names\2.19.2\jackson-module-parameter-names-2.19.2.jar;E:\IdeaProjects\repository\org\springframework\boot\spring-boot-starter-tomcat\3.5.6\spring-boot-starter-tomcat-3.5.6.jar;E:\IdeaProjects\repository\org\apache\tomcat\embed\tomcat-embed-core\10.1.46\tomcat-embed-core-10.1.46.jar;E:\IdeaProjects\repository\org\apache\tomcat\embed\tomcat-embed-el\10.1.46\tomcat-embed-el-10.1.46.jar;E:\IdeaProjects\repository\org\apache\tomcat\embed\tomcat-embed-websocket\10.1.46\tomcat-embed-websocket-10.1.46.jar;E:\IdeaProjects\repository\org\springframework\spring-web\6.2.11\spring-web-6.2.11.jar;E:\IdeaProjects\repository\org\springframework\spring-beans\6.2.11\spring-beans-6.2.11.jar;E:\IdeaProjects\repository\io\micrometer\micrometer-observation\1.15.4\micrometer-observation-1.15.4.jar;E:\IdeaProjects\repository\io\micrometer\micrometer-commons\1.15.4\micrometer-commons-1.15.4.jar;E:\IdeaProjects\repository\org\springframework\spring-webmvc\6.2.11\spring-webmvc-6.2.11.jar;E:\IdeaProjects\repository\org\springframework\spring-aop\6.2.11\spring-aop-6.2.11.jar;E:\IdeaProjects\repository\org\springframework\spring-expression\6.2.11\spring-expression-6.2.11.jar;E:\IdeaProjects\repository\org\projectlombok\lombok\1.18.40\lombok-1.18.40.jar;E:\IdeaProjects\repository\org\springframework\boot\spring-boot-starter-test\3.5.6\spring-boot-starter-test-3.5.6.jar;E:\IdeaProjects\repository\org\springframework\boot\spring-boot-test\3.5.6\spring-boot-test-3.5.6.jar;E:\IdeaProjects\repository\org\springframework\boot\spring-boot-test-autoconfigure\3.5.6\spring-boot-test-autoconfigure-3.5.6.jar;E:\IdeaProjects\repository\com\jayway\jsonpath\json-path\2.9.0\json-path-2.9.0.jar;E:\IdeaProjects\repository\org\slf4j\slf4j-api\2.0.17\slf4j-api-2.0.17.jar;E:\IdeaProjects\repository\jakarta\xml\bind\jakarta.xml.bind-api\4.0.2\jakarta.xml.bind-api-4.0.2.jar;E:\IdeaProjects\repository\jakarta\activation\jakarta.activation-api\2.1.4\jakarta.activation-api-2.1.4.jar;E:\IdeaProjects\repository\net\minidev\json-smart\2.5.2\json-smart-2.5.2.jar;E:\IdeaProjects\repository\net\minidev\accessors-smart\2.5.2\accessors-smart-2.5.2.jar;E:\IdeaProjects\repository\org\ow2\asm\asm\9.7.1\asm-9.7.1.jar;E:\IdeaProjects\repository\org\assertj\assertj-core\3.27.4\assertj-core-3.27.4.jar;E:\IdeaProjects\repository\net\bytebuddy\byte-buddy\1.17.7\byte-buddy-1.17.7.jar;E:\IdeaProjects\repository\org\awaitility\awaitility\4.2.2\awaitility-4.2.2.jar;E:\IdeaProjects\repository\org\hamcrest\hamcrest\3.0\hamcrest-3.0.jar;E:\IdeaProjects\repository\org\junit\jupiter\junit-jupiter\5.12.2\junit-jupiter-5.12.2.jar;E:\IdeaProjects\repository\org\junit\jupiter\junit-jupiter-api\5.12.2\junit-jupiter-api-5.12.2.jar;E:\IdeaProjects\repository\org\opentest4j\opentest4j\1.3.0\opentest4j-1.3.0.jar;E:\IdeaProjects\repository\org\junit\platform\junit-platform-commons\1.12.2\junit-platform-commons-1.12.2.jar;E:\IdeaProjects\repository\org\apiguardian\apiguardian-api\1.1.2\apiguardian-api-1.1.2.jar;E:\IdeaProjects\repository\org\junit\jupiter\junit-jupiter-params\5.12.2\junit-jupiter-params-5.12.2.jar;E:\IdeaProjects\repository\org\junit\jupiter\junit-jupiter-engine\5.12.2\junit-jupiter-engine-5.12.2.jar;E:\IdeaProjects\repository\org\junit\platform\junit-platform-engine\1.12.2\junit-platform-engine-1.12.2.jar;E:\IdeaProjects\repository\org\mockito\mockito-core\5.17.0\mockito-core-5.17.0.jar;E:\IdeaProjects\repository\net\bytebuddy\byte-buddy-agent\1.17.7\byte-buddy-agent-1.17.7.jar;E:\IdeaProjects\repository\org\objenesis\objenesis\3.3\objenesis-3.3.jar;E:\IdeaProjects\repository\org\mockito\mockito-junit-jupiter\5.17.0\mockito-junit-jupiter-5.17.0.jar;E:\IdeaProjects\repository\org\skyscreamer\jsonassert\1.5.3\jsonassert-1.5.3.jar;E:\IdeaProjects\repository\com\vaadin\external\google\android-json\0.0.20131108.vaadin1\android-json-0.0.20131108.vaadin1.jar;E:\IdeaProjects\repository\org\springframework\spring-core\6.2.11\spring-core-6.2.11.jar;E:\IdeaProjects\repository\org\springframework\spring-jcl\6.2.11\spring-jcl-6.2.11.jar;E:\IdeaProjects\repository\org\springframework\spring-test\6.2.11\spring-test-6.2.11.jar;E:\IdeaProjects\repository\org\xmlunit\xmlunit-core\2.10.4\xmlunit-core-2.10.4.jar;E:\IdeaProjects\repository\org\springframework\ai\spring-ai-core\0.8.1\spring-ai-core-0.8.1.jar;E:\IdeaProjects\repository\io\swagger\core\v3\swagger-annotations\2.2.20\swagger-annotations-2.2.20.jar;E:\IdeaProjects\repository\com\github\victools\jsonschema-module-swagger-2\4.33.1\jsonschema-module-swagger-2-4.33.1.jar;E:\IdeaProjects\repository\org\antlr\stringtemplate\4.0.2\stringtemplate-4.0.2.jar;E:\IdeaProjects\repository\org\antlr\antlr-runtime\3.3\antlr-runtime-3.3.jar;E:\IdeaProjects\repository\org\antlr\antlr4-runtime\4.13.1\antlr4-runtime-4.13.1.jar;E:\IdeaProjects\repository\io\projectreactor\reactor-core\3.7.11\reactor-core-3.7.11.jar;E:\IdeaProjects\repository\org\reactivestreams\reactive-streams\1.0.4\reactive-streams-1.0.4.jar;E:\IdeaProjects\repository\org\springframework\spring-context\6.2.11\spring-context-6.2.11.jar;E:\IdeaProjects\repository\org\springframework\spring-messaging\6.2.11\spring-messaging-6.2.11.jar;E:\IdeaProjects\repository\com\knuddels\jtokkit\1.0.0\jtokkit-1.0.0.jar;E:\IdeaProjects\repository\com\github\victools\jsonschema-generator\4.31.1\jsonschema-generator-4.31.1.jar;E:\IdeaProjects\repository\com\fasterxml\classmate\1.7.0\classmate-1.7.0.jar;E:\IdeaProjects\repository\com\fasterxml\jackson\core\jackson-core\2.19.2\jackson-core-2.19.2.jar;E:\IdeaProjects\repository\com\github\victools\jsonschema-module-jackson\4.31.1\jsonschema-module-jackson-4.31.1.jar;E:\IdeaProjects\repository\com\fasterxml\jackson\core\jackson-databind\2.19.2\jackson-databind-2.19.2.jar;E:\IdeaProjects\repository\com\fasterxml\jackson\core\jackson-annotations\2.19.2\jackson-annotations-2.19.2.jar;E:\IdeaProjects\repository\com\fasterxml\jackson\datatype\jackson-datatype-jsr310\2.19.2\jackson-datatype-jsr310-2.19.2.jar;E:\IdeaProjects\repository\org\springframework\ai\spring-ai-openai-spring-boot-starter\0.8.1\spring-ai-openai-spring-boot-starter-0.8.1.jar;E:\IdeaProjects\repository\org\springframework\ai\spring-ai-spring-boot-autoconfigure\0.8.1\spring-ai-spring-boot-autoconfigure-0.8.1.jar;E:\IdeaProjects\repository\com\google\protobuf\protobuf-java\3.25.2\protobuf-java-3.25.2.jar;E:\IdeaProjects\repository\io\netty\netty-codec-http2\4.1.127.Final\netty-codec-http2-4.1.127.Final.jar;E:\IdeaProjects\repository\io\netty\netty-common\4.1.127.Final\netty-common-4.1.127.Final.jar;E:\IdeaProjects\repository\io\netty\netty-buffer\4.1.127.Final\netty-buffer-4.1.127.Final.jar;E:\IdeaProjects\repository\io\netty\netty-transport\4.1.127.Final\netty-transport-4.1.127.Final.jar;E:\IdeaProjects\repository\io\netty\netty-resolver\4.1.127.Final\netty-resolver-4.1.127.Final.jar;E:\IdeaProjects\repository\io\netty\netty-codec\4.1.127.Final\netty-codec-4.1.127.Final.jar;E:\IdeaProjects\repository\io\netty\netty-handler\4.1.127.Final\netty-handler-4.1.127.Final.jar;E:\IdeaProjects\repository\io\netty\netty-transport-native-unix-common\4.1.127.Final\netty-transport-native-unix-common-4.1.127.Final.jar;E:\IdeaProjects\repository\io\netty\netty-codec-http\4.1.127.Final\netty-codec-http-4.1.127.Final.jar;E:\IdeaProjects\repository\redis\clients\jedis\6.0.0\jedis-6.0.0.jar;E:\IdeaProjects\repository\org\apache\commons\commons-pool2\2.12.1\commons-pool2-2.12.1.jar;E:\IdeaProjects\repository\org\json\json\20250107\json-20250107.jar;E:\IdeaProjects\repository\com\google\code\gson\gson\2.13.2\gson-2.13.2.jar;E:\IdeaProjects\repository\com\google\errorprone\error_prone_annotations\2.41.0\error_prone_annotations-2.41.0.jar;E:\IdeaProjects\repository\redis\clients\authentication\redis-authx-core\0.1.1-beta2\redis-authx-core-0.1.1-beta2.jar;E:\IdeaProjects\repository\org\springframework\ai\spring-ai-openai\0.8.1\spring-ai-openai-0.8.1.jar;E:\IdeaProjects\repository\org\springframework\ai\spring-ai-retry\0.8.1\spring-ai-retry-0.8.1.jar;E:\IdeaProjects\repository\org\springframework\retry\spring-retry\2.0.12\spring-retry-2.0.12.jar;E:\IdeaProjects\repository\org\springframework\spring-webflux\6.2.11\spring-webflux-6.2.11.jar;E:\IdeaProjects\repository\io\rest-assured\json-path\5.5.6\json-path-5.5.6.jar;E:\IdeaProjects\repository\org\apache\groovy\groovy-json\4.0.28\groovy-json-4.0.28.jar;E:\IdeaProjects\repository\org\apache\groovy\groovy\4.0.28\groovy-4.0.28.jar;E:\IdeaProjects\repository\io\rest-assured\rest-assured-common\5.5.6\rest-assured-common-5.5.6.jar;E:\IdeaProjects\repository\org\apache\commons\commons-lang3\3.17.0\commons-lang3-3.17.0.jar;E:\IdeaProjects\repository\org\springframework\spring-context-support\6.2.11\spring-context-support-6.2.11.jar;"/>
    <property name="java.vm.vendor" value="Oracle Corporation"/>
    <property name="sun.arch.data.model" value="64"/>
    <property name="user.variant" value=""/>
    <property name="java.vendor.url" value="https://java.oracle.com/"/>
    <property name="user.timezone" value="Asia/Shanghai"/>
    <property name="os.name" value="Windows 10"/>
    <property name="java.vm.specification.version" value="22"/>
    <property name="APPLICATION_NAME" value="ai-character-chat"/>
    <property name="sun.java.launcher" value="SUN_STANDARD"/>
    <property name="user.country" value="CN"/>
    <property name="sun.boot.library.path" value="D:\java d k\bin"/>
    <property name="sun.java.command" value="C:\Users\fdrpc\AppData\Local\Temp\surefire15974198584593309146\surefirebooter-20250924185533087_3.jar C:\Users\fdrpc\AppData\Local\Temp\surefire15974198584593309146 2025-09-24T18-55-32_994-jvmRun1 surefire-20250924185533087_1tmp surefire_0-20250924185533087_2tmp"/>
    <property name="jdk.debug" value="release"/>
    <property name="surefire.test.class.path" value="E:\tcs\backend-java\target\test-classes;E:\tcs\backend-java\target\classes;E:\IdeaProjects\repository\org\springframework\boot\spring-boot-starter-web\3.5.6\spring-boot-starter-web-3.5.6.jar;E:\IdeaProjects\repository\org\springframework\boot\spring-boot-starter\3.5.6\spring-boot-starter-3.5.6.jar;E:\IdeaProjects\repository\org\springframework\boot\spring-boot\3.5.6\spring-boot-3.5.6.jar;E:\IdeaProjects\repository\org\springframework\boot\spring-boot-autoconfigure\3.5.6\spring-boot-autoconfigure-3.5.6.jar;E:\IdeaProjects\repository\org\springframework\boot\spring-boot-starter-logging\3.5.6\spring-boot-starter-logging-3.5.6.jar;E:\IdeaProjects\repository\ch\qos\logback\logback-classic\1.5.18\logback-classic-1.5.18.jar;E:\IdeaProjects\repository\ch\qos\logback\logback-core\1.5.18\logback-core-1.5.18.jar;E:\IdeaProjects\repository\org\apache\logging\log4j\log4j-to-slf4j\2.24.3\log4j-to-slf4j-2.24.3.jar;E:\IdeaProjects\repository\org\apache\logging\log4j\log4j-api\2.24.3\log4j-api-2.24.3.jar;E:\IdeaProjects\repository\org\slf4j\jul-to-slf4j\2.0.17\jul-to-slf4j-2.0.17.jar;E:\IdeaProjects\repository\jakarta\annotation\jakarta.annotation-api\2.1.1\jakarta.annotation-api-2.1.1.jar;E:\IdeaProjects\repository\org\yaml\snakeyaml\2.4\snakeyaml-2.4.jar;E:\IdeaProjects\repository\org\springframework\boot\spring-boot-starter-json\3.5.6\spring-boot-starter-json-3.5.6.jar;E:\IdeaProjects\repository\com\fasterxml\jackson\datatype\jackson-datatype-jdk8\2.19.2\jackson-datatype-jdk8-2.19.2.jar;E:\IdeaProjects\repository\com\fasterxml\jackson\module\jackson-module-parameter-names\2.19.2\jackson-module-parameter-names-2.19.2.jar;E:\IdeaProjects\repository\org\springframework\boot\spring-boot-starter-tomcat\3.5.6\spring-boot-starter-tomcat-3.5.6.jar;E:\IdeaProjects\repository\org\apache\tomcat\embed\tomcat-embed-core\10.1.46\tomcat-embed-core-10.1.46.jar;E:\IdeaProjects\repository\org\apache\tomcat\embed\tomcat-embed-el\10.1.46\tomcat-embed-el-10.1.46.jar;E:\IdeaProjects\repository\org\apache\tomcat\embed\tomcat-embed-websocket\10.1.46\tomcat-embed-websocket-10.1.46.jar;E:\IdeaProjects\repository\org\springframework\spring-web\6.2.11\spring-web-6.2.11.jar;E:\IdeaProjects\repository\org\springframework\spring-beans\6.2.11\spring-beans-6.2.11.jar;E:\IdeaProjects\repository\io\micrometer\micrometer-observation\1.15.4\micrometer-observation-1.15.4.jar;E:\IdeaProjects\repository\io\micrometer\micrometer-commons\1.15.4\micrometer-commons-1.15.4.jar;E:\IdeaProjects\repository\org\springframework\spring-webmvc\6.2.11\spring-webmvc-6.2.11.jar;E:\IdeaProjects\repository\org\springframework\spring-aop\6.2.11\spring-aop-6.2.11.jar;E:\IdeaProjects\repository\org\springframework\spring-expression\6.2.11\spring-expression-6.2.11.jar;E:\IdeaProjects\repository\org\projectlombok\lombok\1.18.40\lombok-1.18.40.jar;E:\IdeaProjects\repository\org\springframework\boot\spring-boot-starter-test\3.5.6\spring-boot-starter-test-3.5.6.jar;E:\IdeaProjects\repository\org\springframework\boot\spring-boot-test\3.5.6\spring-boot-test-3.5.6.jar;E:\IdeaProjects\repository\org\springframework\boot\spring-boot-test-autoconfigure\3.5.6\spring-boot-test-autoconfigure-3.5.6.jar;E:\IdeaProjects\repository\com\jayway\jsonpath\json-path\2.9.0\json-path-2.9.0.jar;E:\IdeaProjects\repository\org\slf4j\slf4j-api\2.0.17\slf4j-api-2.0.17.jar;E:\IdeaProjects\repository\jakarta\xml\bind\jakarta.xml.bind-api\4.0.2\jakarta.xml.bind-api-4.0.2.jar;E:\IdeaProjects\repository\jakarta\activation\jakarta.activation-api\2.1.4\jakarta.activation-api-2.1.4.jar;E:\IdeaProjects\repository\net\minidev\json-smart\2.5.2\json-smart-2.5.2.jar;E:\IdeaProjects\repository\net\minidev\accessors-smart\2.5.2\accessors-smart-2.5.2.jar;E:\IdeaProjects\repository\org\ow2\asm\asm\9.7.1\asm-9.7.1.jar;E:\IdeaProjects\repository\org\assertj\assertj-core\3.27.4\assertj-core-3.27.4.jar;E:\IdeaProjects\repository\net\bytebuddy\byte-buddy\1.17.7\byte-buddy-1.17.7.jar;E:\IdeaProjects\repository\org\awaitility\awaitility\4.2.2\awaitility-4.2.2.jar;E:\IdeaProjects\repository\org\hamcrest\hamcrest\3.0\hamcrest-3.0.jar;E:\IdeaProjects\repository\org\junit\jupiter\junit-jupiter\5.12.2\junit-jupiter-5.12.2.jar;E:\IdeaProjects\repository\org\junit\jupiter\junit-jupiter-api\5.12.2\junit-jupiter-api-5.12.2.jar;E:\IdeaProjects\repository\org\opentest4j\opentest4j\1.3.0\opentest4j-1.3.0.jar;E:\IdeaProjects\repository\org\junit\platform\junit-platform-commons\1.12.2\junit-platform-commons-1.12.2.jar;E:\IdeaProjects\repository\org\apiguardian\apiguardian-api\1.1.2\apiguardian-api-1.1.2.jar;E:\IdeaProjects\repository\org\junit\jupiter\junit-jupiter-params\5.12.2\junit-jupiter-params-5.12.2.jar;E:\IdeaProjects\repository\org\junit\jupiter\junit-jupiter-engine\5.12.2\junit-jupiter-engine-5.12.2.jar;E:\IdeaProjects\repository\org\junit\platform\junit-platform-engine\1.12.2\junit-platform-engine-1.12.2.jar;E:\IdeaProjects\repository\org\mockito\mockito-core\5.17.0\mockito-core-5.17.0.jar;E:\IdeaProjects\repository\net\bytebuddy\byte-buddy-agent\1.17.7\byte-buddy-agent-1.17.7.jar;E:\IdeaProjects\repository\org\objenesis\objenesis\3.3\objenesis-3.3.jar;E:\IdeaProjects\repository\org\mockito\mockito-junit-jupiter\5.17.0\mockito-junit-jupiter-5.17.0.jar;E:\IdeaProjects\repository\org\skyscreamer\jsonassert\1.5.3\jsonassert-1.5.3.jar;E:\IdeaProjects\repository\com\vaadin\external\google\android-json\0.0.20131108.vaadin1\android-json-0.0.20131108.vaadin1.jar;E:\IdeaProjects\repository\org\springframework\spring-core\6.2.11\spring-core-6.2.11.jar;E:\IdeaProjects\repository\org\springframework\spring-jcl\6.2.11\spring-jcl-6.2.11.jar;E:\IdeaProjects\repository\org\springframework\spring-test\6.2.11\spring-test-6.2.11.jar;E:\IdeaProjects\repository\org\xmlunit\xmlunit-core\2.10.4\xmlunit-core-2.10.4.jar;E:\IdeaProjects\repository\org\springframework\ai\spring-ai-core\0.8.1\spring-ai-core-0.8.1.jar;E:\IdeaProjects\repository\io\swagger\core\v3\swagger-annotations\2.2.20\swagger-annotations-2.2.20.jar;E:\IdeaProjects\repository\com\github\victools\jsonschema-module-swagger-2\4.33.1\jsonschema-module-swagger-2-4.33.1.jar;E:\IdeaProjects\repository\org\antlr\stringtemplate\4.0.2\stringtemplate-4.0.2.jar;E:\IdeaProjects\repository\org\antlr\antlr-runtime\3.3\antlr-runtime-3.3.jar;E:\IdeaProjects\repository\org\antlr\antlr4-runtime\4.13.1\antlr4-runtime-4.13.1.jar;E:\IdeaProjects\repository\io\projectreactor\reactor-core\3.7.11\reactor-core-3.7.11.jar;E:\IdeaProjects\repository\org\reactivestreams\reactive-streams\1.0.4\reactive-streams-1.0.4.jar;E:\IdeaProjects\repository\org\springframework\spring-context\6.2.11\spring-context-6.2.11.jar;E:\IdeaProjects\repository\org\springframework\spring-messaging\6.2.11\spring-messaging-6.2.11.jar;E:\IdeaProjects\repository\com\knuddels\jtokkit\1.0.0\jtokkit-1.0.0.jar;E:\IdeaProjects\repository\com\github\victools\jsonschema-generator\4.31.1\jsonschema-generator-4.31.1.jar;E:\IdeaProjects\repository\com\fasterxml\classmate\1.7.0\classmate-1.7.0.jar;E:\IdeaProjects\repository\com\fasterxml\jackson\core\jackson-core\2.19.2\jackson-core-2.19.2.jar;E:\IdeaProjects\repository\com\github\victools\jsonschema-module-jackson\4.31.1\jsonschema-module-jackson-4.31.1.jar;E:\IdeaProjects\repository\com\fasterxml\jackson\core\jackson-databind\2.19.2\jackson-databind-2.19.2.jar;E:\IdeaProjects\repository\com\fasterxml\jackson\core\jackson-annotations\2.19.2\jackson-annotations-2.19.2.jar;E:\IdeaProjects\repository\com\fasterxml\jackson\datatype\jackson-datatype-jsr310\2.19.2\jackson-datatype-jsr310-2.19.2.jar;E:\IdeaProjects\repository\org\springframework\ai\spring-ai-openai-spring-boot-starter\0.8.1\spring-ai-openai-spring-boot-starter-0.8.1.jar;E:\IdeaProjects\repository\org\springframework\ai\spring-ai-spring-boot-autoconfigure\0.8.1\spring-ai-spring-boot-autoconfigure-0.8.1.jar;E:\IdeaProjects\repository\com\google\protobuf\protobuf-java\3.25.2\protobuf-java-3.25.2.jar;E:\IdeaProjects\repository\io\netty\netty-codec-http2\4.1.127.Final\netty-codec-http2-4.1.127.Final.jar;E:\IdeaProjects\repository\io\netty\netty-common\4.1.127.Final\netty-common-4.1.127.Final.jar;E:\IdeaProjects\repository\io\netty\netty-buffer\4.1.127.Final\netty-buffer-4.1.127.Final.jar;E:\IdeaProjects\repository\io\netty\netty-transport\4.1.127.Final\netty-transport-4.1.127.Final.jar;E:\IdeaProjects\repository\io\netty\netty-resolver\4.1.127.Final\netty-resolver-4.1.127.Final.jar;E:\IdeaProjects\repository\io\netty\netty-codec\4.1.127.Final\netty-codec-4.1.127.Final.jar;E:\IdeaProjects\repository\io\netty\netty-handler\4.1.127.Final\netty-handler-4.1.127.Final.jar;E:\IdeaProjects\repository\io\netty\netty-transport-native-unix-common\4.1.127.Final\netty-transport-native-unix-common-4.1.127.Final.jar;E:\IdeaProjects\repository\io\netty\netty-codec-http\4.1.127.Final\netty-codec-http-4.1.127.Final.jar;E:\IdeaProjects\repository\redis\clients\jedis\6.0.0\jedis-6.0.0.jar;E:\IdeaProjects\repository\org\apache\commons\commons-pool2\2.12.1\commons-pool2-2.12.1.jar;E:\IdeaProjects\repository\org\json\json\20250107\json-20250107.jar;E:\IdeaProjects\repository\com\google\code\gson\gson\2.13.2\gson-2.13.2.jar;E:\IdeaProjects\repository\com\google\errorprone\error_prone_annotations\2.41.0\error_prone_annotations-2.41.0.jar;E:\IdeaProjects\repository\redis\clients\authentication\redis-authx-core\0.1.1-beta2\redis-authx-core-0.1.1-beta2.jar;E:\IdeaProjects\repository\org\springframework\ai\spring-ai-openai\0.8.1\spring-ai-openai-0.8.1.jar;E:\IdeaProjects\repository\org\springframework\ai\spring-ai-retry\0.8.1\spring-ai-retry-0.8.1.jar;E:\IdeaProjects\repository\org\springframework\retry\spring-retry\2.0.12\spring-retry-2.0.12.jar;E:\IdeaProjects\repository\org\springframework\spring-webflux\6.2.11\spring-webflux-6.2.11.jar;E:\IdeaProjects\repository\io\rest-assured\json-path\5.5.6\json-path-5.5.6.jar;E:\IdeaProjects\repository\org\apache\groovy\groovy-json\4.0.28\groovy-json-4.0.28.jar;E:\IdeaProjects\repository\org\apache\groovy\groovy\4.0.28\groovy-4.0.28.jar;E:\IdeaProjects\repository\io\rest-assured\rest-assured-common\5.5.6\rest-assured-common-5.5.6.jar;E:\IdeaProjects\repository\org\apache\commons\commons-lang3\3.17.0\commons-lang3-3.17.0.jar;E:\IdeaProjects\repository\org\springframework\spring-context-support\6.2.11\spring-context-support-6.2.11.jar;"/>
    <property name="sun.cpu.endian" value="little"/>
    <property name="user.home" value="C:\Users\fdrpc"/>
    <property name="user.language" value="zh"/>
    <property name="java.specification.vendor" value="Oracle Corporation"/>
    <property name="java.version.date" value="2024-03-19"/>
    <property name="java.home" value="D:\java d k"/>
    <property name="file.separator" value="\"/>
    <property name="basedir" value="E:\tcs\backend-java"/>
    <property name="java.vm.compressedOopsMode" value="Zero based"/>
    <property name="line.separator" value="&#10;"/>
    <property name="java.vm.specification.vendor" value="Oracle Corporation"/>
    <property name="java.specification.name" value="Java Platform API Specification"/>
    <property name="FILE_LOG_CHARSET" value="UTF-8"/>
    <property name="java.awt.headless" value="true"/>
    <property name="surefire.real.class.path" value="C:\Users\fdrpc\AppData\Local\Temp\surefire15974198584593309146\surefirebooter-20250924185533087_3.jar"/>
    <property name="user.script" value=""/>
    <property name="sun.management.compiler" value="HotSpot 64-Bit Tiered Compilers"/>
    <property name="java.runtime.version" value="22+36-2370"/>
    <property name="user.name" value="fyh"/>
    <property name="stdout.encoding" value="GBK"/>
    <property name="path.separator" value=";"/>
    <property name="os.version" value="10.0"/>
    <property name="java.runtime.name" value="Java(TM) SE Runtime Environment"/>
    <property name="file.encoding" value="UTF-8"/>
    <property name="java.vm.name" value="Java HotSpot(TM) 64-Bit Server VM"/>
    <property name="localRepository" value="E:\IdeaProjects\repository"/>
    <property name="java.vendor.url.bug" value="https://bugreport.java.com/bugreport/"/>
    <property name="java.io.tmpdir" value="C:\Users\fdrpc\AppData\Local\Temp\"/>
    <property name="java.version" value="22"/>
    <property name="user.dir" value="E:\tcs\backend-java"/>
    <property name="os.arch" value="amd64"/>
    <property name="java.vm.specification.name" value="Java Virtual Machine Specification"/>
    <property name="PID" value="8152"/>
    <property name="sun.os.patch.level" value=""/>
    <property name="CONSOLE_LOG_CHARSET" value="GBK"/>
    <property name="native.encoding" value="GBK"/>
    <property name="java.library.path" value="D:\java d k\bin;C:\Windows\Sun\Java\bin;C:\Windows\system32;C:\Windows;D:\java d k\bin;C:\Users\fdrpc\.trae-cn\tools\maven\latest\bin;C:\Users\fdrpc\.trae-cn\tools\gradle\latest\bin;c:\Users\fdrpc\.trae-cn\sdks\workspaces\fdf4b676\versions\node\current;c:\Users\fdrpc\.trae-cn\sdks\versions\node\current;E:\新建文件夹\bin\;C:\P;ogram Files\Common Files\Oracle\Java\javapath;C:\Program Files (x86)\Common Files\Oracle\Java\java8path;C:\Program Files (x86)\Common Files\Oracle\Java\javapath;C:\Windows\system32;C:\Windows;C:\Windows\System32\Wbem;C:\Windows\System32\WindowsPowerShell\v1.0\;C:\Windows\System32\OpenSSH\;C:\Program Files (x86)\NVIDIA Corporation\PhysX\Common;C:\Program Files\dotnet\;D:\微信web开发者工具\dll;C:\Pro;ram Files (x86)\dotnet\;E:\HoYoPlay\korepi\dll;C:\Program Files\NVIDIA Corporation\NVIDIA app\NvDLISR;C:\Program Files\nodejs\;C:\Program Files\nodejs;C:\Program Files\Git\cmd;C:\Users\fdrpc\AppData\Local\Microsoft\WindowsApps;D:\WebStorm 2023.2.1\bin;;E:\Microsoft VS Code\bin;C:\Users\fdrpc\.dotnet\tools;D:\mitmproxy\bin;&quot;D:\java d k\bin;&quot;;&quot;C:\Program Files\Java\jre-1.8\bin;&quot;;E:\apache-maven-3.9.4\bin;C:\Program Files\MySQL\MySQL Server 8.0\bin;C:\Users\fdrpc\AppData\Roaming\npm;C:\Program Files\nodejs;E:\IntelliJ IDEA 2025.2.2\bin;."/>
    <property name="java.vm.info" value="mixed mode, sharing"/>
    <property name="stderr.encoding" value="GBK"/>
    <property name="java.vendor" value="Oracle Corporation"/>
    <property name="java.vm.version" value="22+36-2370"/>
    <property name="sun.io.unicode.encoding" value="UnicodeLittle"/>
    <property name="java.class.version" value="66.0"/>
    <property name="LOGGED_APPLICATION_NAME" value="[ai-character-chat] "/>
  </properties>
  <testcase name="contextLoads" classname="com.tcs.DemoApplicationTests" time="0.524">
    <system-out><![CDATA[18:55:33.831 [main] INFO org.springframework.test.context.support.AnnotationConfigContextLoaderUtils -- Could not detect default configuration classes for test class [com.tcs.DemoApplicationTests]: DemoApplicationTests does not declare any static, non-private, non-final, nested classes annotated with @Configuration.
18:55:33.930 [main] INFO org.springframework.boot.test.context.SpringBootTestContextBootstrapper -- Found @SpringBootConfiguration com.tcs.DemoApplication for test class com.tcs.DemoApplicationTests

  .   ____          _            __ _ _
 /\\ / ___'_ __ _ _(_)_ __  __ _ \ \ \ \
( ( )\___ | '_ | '_| | '_ \/ _` | \ \ \ \
 \\/  ___)| |_)| | | | | || (_| |  ) ) ) )
  '  |____| .__|_| |_|_| |_\__, | / / / /
 =========|_|==============|___/=/_/_/_/

 :: Spring Boot ::                (v3.5.6)

2025-09-24T18:55:34.402+08:00  WARN 8152 --- [ai-character-chat] [           main] ory$DuplicateJsonObjectContextCustomizer : 

Found multiple occurrences of org.json.JSONObject on the class path:

	jar:file:/E:/IdeaProjects/repository/com/vaadin/external/google/android-json/0.0.20131108.vaadin1/android-json-0.0.20131108.vaadin1.jar!/org/json/JSONObject.class
	jar:file:/E:/IdeaProjects/repository/org/json/json/20250107/json-20250107.jar!/org/json/JSONObject.class

You may wish to exclude one of them to ensure predictable runtime behavior

2025-09-24T18:55:34.421+08:00  INFO 8152 --- [ai-character-chat] [           main] com.tcs.DemoApplicationTests             : Starting DemoApplicationTests using Java 22 with PID 8152 (started by fyh in E:\tcs\backend-java)
2025-09-24T18:55:34.422+08:00  INFO 8152 --- [ai-character-chat] [           main] com.tcs.DemoApplicationTests             : No active profile set, falling back to 1 default profile: "default"
2025-09-24T18:55:35.302+08:00  INFO 8152 --- [ai-character-chat] [           main] com.tcs.repository.CharacterRepository   : ��ʼ����ɫ����...
2025-09-24T18:55:35.302+08:00  INFO 8152 --- [ai-character-chat] [           main] com.tcs.repository.CharacterRepository   : �ɹ���ʼ�� 8 ����ɫ
2025-09-24T18:55:35.306+08:00  INFO 8152 --- [ai-character-chat] [           main] c.t.c.CharacterCategoryController        : CharacterCategoryController ��ʼ�����
2025-09-24T18:55:35.719+08:00  INFO 8152 --- [ai-character-chat] [           main] com.tcs.service.ChatServiceImpl          : ChatServiceImpl ��ʼ����ɣ������ʷ��¼��: 5
2025-09-24T18:55:36.121+08:00  INFO 8152 --- [ai-character-chat] [           main] com.tcs.DemoApplicationTests             : Started DemoApplicationTests in 2.026 seconds (process running for 2.939)
]]></system-out>
    <system-err><![CDATA[Mockito is currently self-attaching to enable the inline-mock-maker. This will no longer work in future releases of the JDK. Please add Mockito as an agent to your build as described in Mockito's documentation: https://javadoc.io/doc/org.mockito/mockito-core/latest/org.mockito/org/mockito/Mockito.html#0.3
WARNING: A Java agent has been loaded dynamically (E:\IdeaProjects\repository\net\bytebuddy\byte-buddy-agent\1.17.7\byte-buddy-agent-1.17.7.jar)
WARNING: If a serviceability tool is in use, please run with -XX:+EnableDynamicAgentLoading to hide this warning
WARNING: If a serviceability tool is not in use, please run with -Djdk.instrument.traceUsage for more information
WARNING: Dynamic loading of agents will be disallowed by default in a future release
]]></system-err>
  </testcase>
</testsuite>